# JRE version: Java(TM) SE Runtime Environment (8.0_261-b12) (build 1.8.0_261-b12)
# Java VM: Java HotSpot(TM) 64-Bit Server VM (25.261-b12 mixed mode windows-amd64 compressed oops)
Heap:
 PSYoungGen      total 720384K, used 124862K [0x000000066c200000, 0x000000069b780000, 0x00000007c0000000)
  eden space 698880K, 17% used [0x000000066c200000,0x0000000673bef8b8,0x0000000696c80000)
  from space 21504K, 0% used [0x000000069a280000,0x000000069a280000,0x000000069b780000)
  to   space 30720K, 0% used [0x0000000697b80000,0x0000000697b80000,0x0000000699980000)
 ParOldGen       total 566784K, used 33666K [0x00000003c4600000, 0x00000003e6f80000, 0x000000066c200000)
  object space 566784K, 5% used [0x00000003c4600000,0x00000003c66e0bc0,0x00000003e6f80000)
 Metaspace       used 58014K, capacity 61400K, committed 61568K, reserved 1101824K
  class space    used 7961K, capacity 8517K, committed 8576K, reserved 1048576K
GC Heap History (10 events):
Event: 10.665 GC heap before
{Heap before GC invocations=5 (full 1):
 PSYoungGen      total 304640K, used 225568K [0x000000066c200000, 0x000000068e400000, 0x00000007c0000000)
  eden space 261120K, 80% used [0x000000066c200000,0x0000000678fb4d38,0x000000067c100000)
  from space 43520K, 34% used [0x000000067c100000,0x000000067cf933e8,0x000000067eb80000)
  to   space 43520K, 0% used [0x000000068b980000,0x000000068b980000,0x000000068e400000)
 ParOldGen       total 304640K, used 5887K [0x00000003c4600000, 0x00000003d6f80000, 0x000000066c200000)
  object space 304640K, 1% used [0x00000003c4600000,0x00000003c4bbff60,0x00000003d6f80000)
 Metaspace       used 33484K, capacity 35340K, committed 35456K, reserved 1079296K
  class space    used 4541K, capacity 4898K, committed 4992K, reserved 1048576K
Event: 10.680 GC heap after
Heap after GC invocations=5 (full 1):
 PSYoungGen      total 499200K, used 17369K [0x000000066c200000, 0x000000068dc00000, 0x00000007c0000000)
  eden space 463872K, 0% used [0x000000066c200000,0x000000066c200000,0x0000000688700000)
  from space 35328K, 49% used [0x000000068b980000,0x000000068ca767c8,0x000000068dc00000)
  to   space 43520K, 0% used [0x0000000688700000,0x0000000688700000,0x000000068b180000)
 ParOldGen       total 304640K, used 5895K [0x00000003c4600000, 0x00000003d6f80000, 0x000000066c200000)
  object space 304640K, 1% used [0x00000003c4600000,0x00000003c4bc1f60,0x00000003d6f80000)
 Metaspace       used 33484K, capacity 35340K, committed 35456K, reserved 1079296K
  class space    used 4541K, capacity 4898K, committed 4992K, reserved 1048576K
}
Event: 10.680 GC heap before
{Heap before GC invocations=6 (full 2):
 PSYoungGen      total 499200K, used 17369K [0x000000066c200000, 0x000000068dc00000, 0x00000007c0000000)
  eden space 463872K, 0% used [0x000000066c200000,0x000000066c200000,0x0000000688700000)
  from space 35328K, 49% used [0x000000068b980000,0x000000068ca767c8,0x000000068dc00000)
  to   space 43520K, 0% used [0x0000000688700000,0x0000000688700000,0x000000068b180000)
 ParOldGen       total 304640K, used 5895K [0x00000003c4600000, 0x00000003d6f80000, 0x000000066c200000)
  object space 304640K, 1% used [0x00000003c4600000,0x00000003c4bc1f60,0x00000003d6f80000)
 Metaspace       used 33484K, capacity 35340K, committed 35456K, reserved 1079296K
  class space    used 4541K, capacity 4898K, committed 4992K, reserved 1048576K
Event: 10.792 GC heap after
Heap after GC invocations=6 (full 2):
 PSYoungGen      total 499200K, used 0K [0x000000066c200000, 0x000000068dc00000, 0x00000007c0000000)
  eden space 463872K, 0% used [0x000000066c200000,0x000000066c200000,0x0000000688700000)
  from space 35328K, 0% used [0x000000068b980000,0x000000068b980000,0x000000068dc00000)
  to   space 43520K, 0% used [0x0000000688700000,0x0000000688700000,0x000000068b180000)
 ParOldGen       total 433664K, used 21743K [0x00000003c4600000, 0x00000003ded80000, 0x000000066c200000)
  object space 433664K, 5% used [0x00000003c4600000,0x00000003c5b3bf58,0x00000003ded80000)
 Metaspace       used 33484K, capacity 35340K, committed 35456K, reserved 1079296K
  class space    used 4541K, capacity 4898K, committed 4992K, reserved 1048576K
}
Event: 23.948 GC heap before
{Heap before GC invocations=7 (full 2):
 PSYoungGen      total 499200K, used 463872K [0x000000066c200000, 0x000000068dc00000, 0x00000007c0000000)
  eden space 463872K, 100% used [0x000000066c200000,0x0000000688700000,0x0000000688700000)
  from space 35328K, 0% used [0x000000068b980000,0x000000068b980000,0x000000068dc00000)
  to   space 43520K, 0% used [0x0000000688700000,0x0000000688700000,0x000000068b180000)
 ParOldGen       total 433664K, used 21743K [0x00000003c4600000, 0x00000003ded80000, 0x000000066c200000)
  object space 433664K, 5% used [0x00000003c4600000,0x00000003c5b3bf58,0x00000003ded80000)
 Metaspace       used 53345K, capacity 56410K, committed 56576K, reserved 1097728K
  class space    used 7366K, capacity 7902K, committed 7936K, reserved 1048576K
Event: 23.973 GC heap after
Heap after GC invocations=7 (full 2):
 PSYoungGen      total 507392K, used 27905K [0x000000066c200000, 0x000000069c000000, 0x00000007c0000000)
  eden space 463872K, 0% used [0x000000066c200000,0x000000066c200000,0x0000000688700000)
  from space 43520K, 64% used [0x0000000688700000,0x000000068a2406f0,0x000000068b180000)
  to   space 30208K, 0% used [0x000000069a280000,0x000000069a280000,0x000000069c000000)
 ParOldGen       total 433664K, used 21759K [0x00000003c4600000, 0x00000003ded80000, 0x000000066c200000)
  object space 433664K, 5% used [0x00000003c4600000,0x00000003c5b3ff58,0x00000003ded80000)
 Metaspace       used 53345K, capacity 56410K, committed 56576K, reserved 1097728K
  class space    used 7366K, capacity 7902K, committed 7936K, reserved 1048576K
}
Event: 26.407 GC heap before
{Heap before GC invocations=8 (full 2):
 PSYoungGen      total 507392K, used 107765K [0x000000066c200000, 0x000000069c000000, 0x00000007c0000000)
  eden space 463872K, 17% used [0x000000066c200000,0x0000000670ffce00,0x0000000688700000)
  from space 43520K, 64% used [0x0000000688700000,0x000000068a2406f0,0x000000068b180000)
  to   space 30208K, 0% used [0x000000069a280000,0x000000069a280000,0x000000069c000000)
 ParOldGen       total 433664K, used 21759K [0x00000003c4600000, 0x00000003ded80000, 0x000000066c200000)
  object space 433664K, 5% used [0x00000003c4600000,0x00000003c5b3ff58,0x00000003ded80000)
 Metaspace       used 55729K, capacity 59022K, committed 59096K, reserved 1099776K
  class space    used 7681K, capacity 8272K, committed 8320K, reserved 1048576K
Event: 26.416 GC heap after
Heap after GC invocations=8 (full 2):
 PSYoungGen      total 720384K, used 21230K [0x000000066c200000, 0x000000069b780000, 0x00000007c0000000)
  eden space 698880K, 0% used [0x000000066c200000,0x000000066c200000,0x0000000696c80000)
  from space 21504K, 98% used [0x000000069a280000,0x000000069b73b8b8,0x000000069b780000)
  to   space 30720K, 0% used [0x0000000697b80000,0x0000000697b80000,0x0000000699980000)
 ParOldGen       total 433664K, used 21767K [0x00000003c4600000, 0x00000003ded80000, 0x000000066c200000)
  object space 433664K, 5% used [0x00000003c4600000,0x00000003c5b41f58,0x00000003ded80000)
 Metaspace       used 55729K, capacity 59022K, committed 59096K, reserved 1099776K
  class space    used 7681K, capacity 8272K, committed 8320K, reserved 1048576K
}
Event: 26.416 GC heap before
{Heap before GC invocations=9 (full 3):
 PSYoungGen      total 720384K, used 21230K [0x000000066c200000, 0x000000069b780000, 0x00000007c0000000)
  eden space 698880K, 0% used [0x000000066c200000,0x000000066c200000,0x0000000696c80000)
  from space 21504K, 98% used [0x000000069a280000,0x000000069b73b8b8,0x000000069b780000)
  to   space 30720K, 0% used [0x0000000697b80000,0x0000000697b80000,0x0000000699980000)
 ParOldGen       total 433664K, used 21767K [0x00000003c4600000, 0x00000003ded80000, 0x000000066c200000)
  object space 433664K, 5% used [0x00000003c4600000,0x00000003c5b41f58,0x00000003ded80000)
 Metaspace       used 55729K, capacity 59022K, committed 59096K, reserved 1099776K
  class space    used 7681K, capacity 8272K, committed 8320K, reserved 1048576K
Event: 26.599 GC heap after
Heap after GC invocations=9 (full 3):
 PSYoungGen      total 720384K, used 0K [0x000000066c200000, 0x000000069b780000, 0x00000007c0000000)
  eden space 698880K, 0% used [0x000000066c200000,0x000000066c200000,0x0000000696c80000)
  from space 21504K, 0% used [0x000000069a280000,0x000000069a280000,0x000000069b780000)
  to   space 30720K, 0% used [0x0000000697b80000,0x0000000697b80000,0x0000000699980000)
 ParOldGen       total 566784K, used 33666K [0x00000003c4600000, 0x00000003e6f80000, 0x000000066c200000)
  object space 566784K, 5% used [0x00000003c4600000,0x00000003c66e0bc0,0x00000003e6f80000)
 Metaspace       used 55713K, capacity 58986K, committed 59096K, reserved 1099776K
  class space    used 7676K, capacity 8264K, committed 8320K, reserved 1048576K
}

