# JRE version: Java(TM) SE Runtime Environment (8.0_261-b12) (build 1.8.0_261-b12)
# Java VM: Java HotSpot(TM) 64-Bit Server VM (25.261-b12 mixed mode windows-amd64 compressed oops)
Heap:
 PSYoungGen      total 707072K, used 79317K [0x000000066c200000, 0x000000069b180000, 0x00000007c0000000)
  eden space 690176K, 11% used [0x000000066c200000,0x0000000670f755d8,0x0000000696400000)
  from space 16896K, 0% used [0x000000069a100000,0x000000069a100000,0x000000069b180000)
  to   space 27648K, 0% used [0x0000000697b80000,0x0000000697b80000,0x0000000699680000)
 ParOldGen       total 548864K, used 28917K [0x00000003c4600000, 0x00000003e5e00000, 0x000000066c200000)
  object space 548864K, 5% used [0x00000003c4600000,0x00000003c623d538,0x00000003e5e00000)
 Metaspace       used 57487K, capacity 60776K, committed 61056K, reserved 1101824K
  class space    used 7895K, capacity 8459K, committed 8576K, reserved 1048576K
GC Heap History (10 events):
Event: 7.126 GC heap before
{Heap before GC invocations=5 (full 1):
 PSYoungGen      total 304640K, used 229878K [0x000000066c200000, 0x000000068e600000, 0x00000007c0000000)
  eden space 261120K, 82% used [0x000000066c200000,0x000000067939bf78,0x000000067c100000)
  from space 43520K, 35% used [0x000000067c100000,0x000000067cfe1a90,0x000000067eb80000)
  to   space 43520K, 0% used [0x000000068bb80000,0x000000068bb80000,0x000000068e600000)
 ParOldGen       total 303616K, used 6206K [0x00000003c4600000, 0x00000003d6e80000, 0x000000066c200000)
  object space 303616K, 2% used [0x00000003c4600000,0x00000003c4c0fa70,0x00000003d6e80000)
 Metaspace       used 33590K, capacity 35386K, committed 35456K, reserved 1079296K
  class space    used 4556K, capacity 4923K, committed 4992K, reserved 1048576K
Event: 7.135 GC heap after
Heap after GC invocations=5 (full 1):
 PSYoungGen      total 504320K, used 17558K [0x000000066c200000, 0x000000068df80000, 0x00000007c0000000)
  eden space 467456K, 0% used [0x000000066c200000,0x000000066c200000,0x0000000688a80000)
  from space 36864K, 47% used [0x000000068bb80000,0x000000068cca5960,0x000000068df80000)
  to   space 43520K, 0% used [0x0000000688a80000,0x0000000688a80000,0x000000068b500000)
 ParOldGen       total 303616K, used 6214K [0x00000003c4600000, 0x00000003d6e80000, 0x000000066c200000)
  object space 303616K, 2% used [0x00000003c4600000,0x00000003c4c11a70,0x00000003d6e80000)
 Metaspace       used 33590K, capacity 35386K, committed 35456K, reserved 1079296K
  class space    used 4556K, capacity 4923K, committed 4992K, reserved 1048576K
}
Event: 7.135 GC heap before
{Heap before GC invocations=6 (full 2):
 PSYoungGen      total 504320K, used 17558K [0x000000066c200000, 0x000000068df80000, 0x00000007c0000000)
  eden space 467456K, 0% used [0x000000066c200000,0x000000066c200000,0x0000000688a80000)
  from space 36864K, 47% used [0x000000068bb80000,0x000000068cca5960,0x000000068df80000)
  to   space 43520K, 0% used [0x0000000688a80000,0x0000000688a80000,0x000000068b500000)
 ParOldGen       total 303616K, used 6214K [0x00000003c4600000, 0x00000003d6e80000, 0x000000066c200000)
  object space 303616K, 2% used [0x00000003c4600000,0x00000003c4c11a70,0x00000003d6e80000)
 Metaspace       used 33590K, capacity 35386K, committed 35456K, reserved 1079296K
  class space    used 4556K, capacity 4923K, committed 4992K, reserved 1048576K
Event: 7.191 GC heap after
Heap after GC invocations=6 (full 2):
 PSYoungGen      total 504320K, used 0K [0x000000066c200000, 0x000000068df80000, 0x00000007c0000000)
  eden space 467456K, 0% used [0x000000066c200000,0x000000066c200000,0x0000000688a80000)
  from space 36864K, 0% used [0x000000068bb80000,0x000000068bb80000,0x000000068df80000)
  to   space 43520K, 0% used [0x0000000688a80000,0x0000000688a80000,0x000000068b500000)
 ParOldGen       total 434176K, used 22062K [0x00000003c4600000, 0x00000003dee00000, 0x000000066c200000)
  object space 434176K, 5% used [0x00000003c4600000,0x00000003c5b8b948,0x00000003dee00000)
 Metaspace       used 33590K, capacity 35386K, committed 35456K, reserved 1079296K
  class space    used 4556K, capacity 4923K, committed 4992K, reserved 1048576K
}
Event: 44.421 GC heap before
{Heap before GC invocations=7 (full 2):
 PSYoungGen      total 504320K, used 467456K [0x000000066c200000, 0x000000068df80000, 0x00000007c0000000)
  eden space 467456K, 100% used [0x000000066c200000,0x0000000688a80000,0x0000000688a80000)
  from space 36864K, 0% used [0x000000068bb80000,0x000000068bb80000,0x000000068df80000)
  to   space 43520K, 0% used [0x0000000688a80000,0x0000000688a80000,0x000000068b500000)
 ParOldGen       total 434176K, used 22062K [0x00000003c4600000, 0x00000003dee00000, 0x000000066c200000)
  object space 434176K, 5% used [0x00000003c4600000,0x00000003c5b8bba0,0x00000003dee00000)
 Metaspace       used 53177K, capacity 56282K, committed 56320K, reserved 1097728K
  class space    used 7379K, capacity 7918K, committed 7936K, reserved 1048576K
Event: 44.439 GC heap after
Heap after GC invocations=7 (full 2):
 PSYoungGen      total 510976K, used 26608K [0x000000066c200000, 0x000000069bd80000, 0x00000007c0000000)
  eden space 467456K, 0% used [0x000000066c200000,0x000000066c200000,0x0000000688a80000)
  from space 43520K, 61% used [0x0000000688a80000,0x000000068a47c058,0x000000068b500000)
  to   space 29184K, 0% used [0x000000069a100000,0x000000069a100000,0x000000069bd80000)
 ParOldGen       total 434176K, used 22078K [0x00000003c4600000, 0x00000003dee00000, 0x000000066c200000)
  object space 434176K, 5% used [0x00000003c4600000,0x00000003c5b8fba0,0x00000003dee00000)
 Metaspace       used 53177K, capacity 56282K, committed 56320K, reserved 1097728K
  class space    used 7379K, capacity 7918K, committed 7936K, reserved 1048576K
}
Event: 125.491 GC heap before
{Heap before GC invocations=8 (full 2):
 PSYoungGen      total 510976K, used 115625K [0x000000066c200000, 0x000000069bd80000, 0x00000007c0000000)
  eden space 467456K, 19% used [0x000000066c200000,0x00000006718ee4c0,0x0000000688a80000)
  from space 43520K, 61% used [0x0000000688a80000,0x000000068a47c058,0x000000068b500000)
  to   space 29184K, 0% used [0x000000069a100000,0x000000069a100000,0x000000069bd80000)
 ParOldGen       total 434176K, used 22078K [0x00000003c4600000, 0x00000003dee00000, 0x000000066c200000)
  object space 434176K, 5% used [0x00000003c4600000,0x00000003c5b8fba0,0x00000003dee00000)
 Metaspace       used 55793K, capacity 58996K, committed 59096K, reserved 1099776K
  class space    used 7692K, capacity 8257K, committed 8320K, reserved 1048576K
Event: 125.499 GC heap after
Heap after GC invocations=8 (full 2):
 PSYoungGen      total 707072K, used 16445K [0x000000066c200000, 0x000000069b180000, 0x00000007c0000000)
  eden space 690176K, 0% used [0x000000066c200000,0x000000066c200000,0x0000000696400000)
  from space 16896K, 97% used [0x000000069a100000,0x000000069b10f660,0x000000069b180000)
  to   space 27648K, 0% used [0x0000000697b80000,0x0000000697b80000,0x0000000699680000)
 ParOldGen       total 434176K, used 22086K [0x00000003c4600000, 0x00000003dee00000, 0x000000066c200000)
  object space 434176K, 5% used [0x00000003c4600000,0x00000003c5b91ba0,0x00000003dee00000)
 Metaspace       used 55793K, capacity 58996K, committed 59096K, reserved 1099776K
  class space    used 7692K, capacity 8257K, committed 8320K, reserved 1048576K
}
Event: 125.499 GC heap before
{Heap before GC invocations=9 (full 3):
 PSYoungGen      total 707072K, used 16445K [0x000000066c200000, 0x000000069b180000, 0x00000007c0000000)
  eden space 690176K, 0% used [0x000000066c200000,0x000000066c200000,0x0000000696400000)
  from space 16896K, 97% used [0x000000069a100000,0x000000069b10f660,0x000000069b180000)
  to   space 27648K, 0% used [0x0000000697b80000,0x0000000697b80000,0x0000000699680000)
 ParOldGen       total 434176K, used 22086K [0x00000003c4600000, 0x00000003dee00000, 0x000000066c200000)
  object space 434176K, 5% used [0x00000003c4600000,0x00000003c5b91ba0,0x00000003dee00000)
 Metaspace       used 55793K, capacity 58996K, committed 59096K, reserved 1099776K
  class space    used 7692K, capacity 8257K, committed 8320K, reserved 1048576K
Event: 125.619 GC heap after
Heap after GC invocations=9 (full 3):
 PSYoungGen      total 707072K, used 0K [0x000000066c200000, 0x000000069b180000, 0x00000007c0000000)
  eden space 690176K, 0% used [0x000000066c200000,0x000000066c200000,0x0000000696400000)
  from space 16896K, 0% used [0x000000069a100000,0x000000069a100000,0x000000069b180000)
  to   space 27648K, 0% used [0x0000000697b80000,0x0000000697b80000,0x0000000699680000)
 ParOldGen       total 548864K, used 28917K [0x00000003c4600000, 0x00000003e5e00000, 0x000000066c200000)
  object space 548864K, 5% used [0x00000003c4600000,0x00000003c623d538,0x00000003e5e00000)
 Metaspace       used 55781K, capacity 58972K, committed 59096K, reserved 1099776K
  class space    used 7688K, capacity 8251K, committed 8320K, reserved 1048576K
}

