# JRE version: Java(TM) SE Runtime Environment (8.0_261-b12) (build 1.8.0_261-b12)
# Java VM: Java HotSpot(TM) 64-Bit Server VM (25.261-b12 mixed mode windows-amd64 compressed oops)
Heap:
 PSYoungGen      total 275456K, used 21164K [0x000000066c200000, 0x000000067ec00000, 0x00000007c0000000)
  eden space 254976K, 8% used [0x000000066c200000,0x000000066d6ab2f0,0x000000067bb00000)
  from space 20480K, 0% used [0x000000067c100000,0x000000067c100000,0x000000067d500000)
  to   space 23040K, 0% used [0x000000067d580000,0x000000067d580000,0x000000067ec00000)
 ParOldGen       total 288256K, used 33243K [0x00000003c4600000, 0x00000003d5f80000, 0x000000066c200000)
  object space 288256K, 11% used [0x00000003c4600000,0x00000003c6676d88,0x00000003d5f80000)
 Metaspace       used 56655K, capacity 59987K, committed 60200K, reserved 1101824K
  class space    used 7880K, capacity 8475K, committed 8488K, reserved 1048576K
GC Heap History (10 events):
Event: 7.264 GC heap before
{Heap before GC invocations=4 (full 1):
 PSYoungGen      total 304640K, used 234318K [0x000000066c200000, 0x0000000681600000, 0x00000007c0000000)
  eden space 261120K, 83% used [0x000000066c200000,0x00000006797e76a8,0x000000067c100000)
  from space 43520K, 35% used [0x000000067eb80000,0x000000067fa6c3b8,0x0000000681600000)
  to   space 43520K, 0% used [0x000000067c100000,0x000000067c100000,0x000000067eb80000)
 ParOldGen       total 275968K, used 14767K [0x00000003c4600000, 0x00000003d5380000, 0x000000066c200000)
  object space 275968K, 5% used [0x00000003c4600000,0x00000003c546bf28,0x00000003d5380000)
 Metaspace       used 33548K, capacity 35469K, committed 35496K, reserved 1079296K
  class space    used 4644K, capacity 5013K, committed 5032K, reserved 1048576K
Event: 7.272 GC heap after
Heap after GC invocations=4 (full 1):
 PSYoungGen      total 304640K, used 18310K [0x000000066c200000, 0x0000000681600000, 0x00000007c0000000)
  eden space 261120K, 0% used [0x000000066c200000,0x000000066c200000,0x000000067c100000)
  from space 43520K, 42% used [0x000000067c100000,0x000000067d2e1870,0x000000067eb80000)
  to   space 43520K, 0% used [0x000000067eb80000,0x000000067eb80000,0x0000000681600000)
 ParOldGen       total 275968K, used 14775K [0x00000003c4600000, 0x00000003d5380000, 0x000000066c200000)
  object space 275968K, 5% used [0x00000003c4600000,0x00000003c546df28,0x00000003d5380000)
 Metaspace       used 33548K, capacity 35469K, committed 35496K, reserved 1079296K
  class space    used 4644K, capacity 5013K, committed 5032K, reserved 1048576K
}
Event: 7.272 GC heap before
{Heap before GC invocations=5 (full 2):
 PSYoungGen      total 304640K, used 18310K [0x000000066c200000, 0x0000000681600000, 0x00000007c0000000)
  eden space 261120K, 0% used [0x000000066c200000,0x000000066c200000,0x000000067c100000)
  from space 43520K, 42% used [0x000000067c100000,0x000000067d2e1870,0x000000067eb80000)
  to   space 43520K, 0% used [0x000000067eb80000,0x000000067eb80000,0x0000000681600000)
 ParOldGen       total 275968K, used 14775K [0x00000003c4600000, 0x00000003d5380000, 0x000000066c200000)
  object space 275968K, 5% used [0x00000003c4600000,0x00000003c546df28,0x00000003d5380000)
 Metaspace       used 33548K, capacity 35469K, committed 35496K, reserved 1079296K
  class space    used 4644K, capacity 5013K, committed 5032K, reserved 1048576K
Event: 7.300 GC heap after
Heap after GC invocations=5 (full 2):
 PSYoungGen      total 304640K, used 0K [0x000000066c200000, 0x0000000681600000, 0x00000007c0000000)
  eden space 261120K, 0% used [0x000000066c200000,0x000000066c200000,0x000000067c100000)
  from space 43520K, 0% used [0x000000067c100000,0x000000067c100000,0x000000067eb80000)
  to   space 43520K, 0% used [0x000000067eb80000,0x000000067eb80000,0x0000000681600000)
 ParOldGen       total 285184K, used 23545K [0x00000003c4600000, 0x00000003d5c80000, 0x000000066c200000)
  object space 285184K, 8% used [0x00000003c4600000,0x00000003c5cfe4e0,0x00000003d5c80000)
 Metaspace       used 33548K, capacity 35469K, committed 35496K, reserved 1079296K
  class space    used 4644K, capacity 5013K, committed 5032K, reserved 1048576K
}
Event: 10.093 GC heap before
{Heap before GC invocations=6 (full 2):
 PSYoungGen      total 304640K, used 261120K [0x000000066c200000, 0x0000000681600000, 0x00000007c0000000)
  eden space 261120K, 100% used [0x000000066c200000,0x000000067c100000,0x000000067c100000)
  from space 43520K, 0% used [0x000000067c100000,0x000000067c100000,0x000000067eb80000)
  to   space 43520K, 0% used [0x000000067eb80000,0x000000067eb80000,0x0000000681600000)
 ParOldGen       total 285184K, used 23545K [0x00000003c4600000, 0x00000003d5c80000, 0x000000066c200000)
  object space 285184K, 8% used [0x00000003c4600000,0x00000003c5cfe4e0,0x00000003d5c80000)
 Metaspace       used 47926K, capacity 50639K, committed 50984K, reserved 1093632K
  class space    used 6669K, capacity 7173K, committed 7208K, reserved 1048576K
Event: 10.101 GC heap after
Heap after GC invocations=6 (full 2):
 PSYoungGen      total 304640K, used 20770K [0x000000066c200000, 0x0000000681600000, 0x00000007c0000000)
  eden space 261120K, 0% used [0x000000066c200000,0x000000066c200000,0x000000067c100000)
  from space 43520K, 47% used [0x000000067eb80000,0x000000067ffc8848,0x0000000681600000)
  to   space 43520K, 0% used [0x000000067c100000,0x000000067c100000,0x000000067eb80000)
 ParOldGen       total 285184K, used 23561K [0x00000003c4600000, 0x00000003d5c80000, 0x000000066c200000)
  object space 285184K, 8% used [0x00000003c4600000,0x00000003c5d024e0,0x00000003d5c80000)
 Metaspace       used 47926K, capacity 50639K, committed 50984K, reserved 1093632K
  class space    used 6669K, capacity 7173K, committed 7208K, reserved 1048576K
}
Event: 104.131 GC heap before
{Heap before GC invocations=7 (full 2):
 PSYoungGen      total 304640K, used 196310K [0x000000066c200000, 0x0000000681600000, 0x00000007c0000000)
  eden space 261120K, 67% used [0x000000066c200000,0x0000000676d6cfd8,0x000000067c100000)
  from space 43520K, 47% used [0x000000067eb80000,0x000000067ffc8848,0x0000000681600000)
  to   space 43520K, 0% used [0x000000067c100000,0x000000067c100000,0x000000067eb80000)
 ParOldGen       total 285184K, used 23561K [0x00000003c4600000, 0x00000003d5c80000, 0x000000066c200000)
  object space 285184K, 8% used [0x00000003c4600000,0x00000003c5d024e0,0x00000003d5c80000)
 Metaspace       used 55827K, capacity 59095K, committed 59160K, reserved 1099776K
  class space    used 7768K, capacity 8335K, committed 8360K, reserved 1048576K
Event: 104.144 GC heap after
Heap after GC invocations=7 (full 2):
 PSYoungGen      total 275456K, used 20289K [0x000000066c200000, 0x000000067ec00000, 0x00000007c0000000)
  eden space 254976K, 0% used [0x000000066c200000,0x000000066c200000,0x000000067bb00000)
  from space 20480K, 99% used [0x000000067c100000,0x000000067d4d0580,0x000000067d500000)
  to   space 23040K, 0% used [0x000000067d580000,0x000000067d580000,0x000000067ec00000)
 ParOldGen       total 285184K, used 23569K [0x00000003c4600000, 0x00000003d5c80000, 0x000000066c200000)
  object space 285184K, 8% used [0x00000003c4600000,0x00000003c5d044e0,0x00000003d5c80000)
 Metaspace       used 55827K, capacity 59095K, committed 59160K, reserved 1099776K
  class space    used 7768K, capacity 8335K, committed 8360K, reserved 1048576K
}
Event: 104.144 GC heap before
{Heap before GC invocations=8 (full 3):
 PSYoungGen      total 275456K, used 20289K [0x000000066c200000, 0x000000067ec00000, 0x00000007c0000000)
  eden space 254976K, 0% used [0x000000066c200000,0x000000066c200000,0x000000067bb00000)
  from space 20480K, 99% used [0x000000067c100000,0x000000067d4d0580,0x000000067d500000)
  to   space 23040K, 0% used [0x000000067d580000,0x000000067d580000,0x000000067ec00000)
 ParOldGen       total 285184K, used 23569K [0x00000003c4600000, 0x00000003d5c80000, 0x000000066c200000)
  object space 285184K, 8% used [0x00000003c4600000,0x00000003c5d044e0,0x00000003d5c80000)
 Metaspace       used 55827K, capacity 59095K, committed 59160K, reserved 1099776K
  class space    used 7768K, capacity 8335K, committed 8360K, reserved 1048576K
Event: 104.250 GC heap after
Heap after GC invocations=8 (full 3):
 PSYoungGen      total 275456K, used 0K [0x000000066c200000, 0x000000067ec00000, 0x00000007c0000000)
  eden space 254976K, 0% used [0x000000066c200000,0x000000066c200000,0x000000067bb00000)
  from space 20480K, 0% used [0x000000067c100000,0x000000067c100000,0x000000067d500000)
  to   space 23040K, 0% used [0x000000067d580000,0x000000067d580000,0x000000067ec00000)
 ParOldGen       total 288256K, used 33243K [0x00000003c4600000, 0x00000003d5f80000, 0x000000066c200000)
  object space 288256K, 11% used [0x00000003c4600000,0x00000003c6676d88,0x00000003d5f80000)
 Metaspace       used 55813K, capacity 59065K, committed 59160K, reserved 1099776K
  class space    used 7764K, capacity 8328K, committed 8360K, reserved 1048576K
}

