# JRE version: Java(TM) SE Runtime Environment (8.0_261-b12) (build 1.8.0_261-b12)
# Java VM: Java HotSpot(TM) 64-Bit Server VM (25.261-b12 mixed mode windows-amd64 compressed oops)
Heap:
 PSYoungGen      total 548352K, used 155562K [0x000000066c200000, 0x00000006a8180000, 0x00000007c0000000)
  eden space 504832K, 30% used [0x000000066c200000,0x00000006759ea860,0x000000068af00000)
  from space 43520K, 0% used [0x000000068af00000,0x000000068af00000,0x000000068d980000)
  to   space 32256K, 0% used [0x00000006a6200000,0x00000006a6200000,0x00000006a8180000)
 ParOldGen       total 389632K, used 41731K [0x00000003c4600000, 0x00000003dc280000, 0x000000066c200000)
  object space 389632K, 10% used [0x00000003c4600000,0x00000003c6ec0d20,0x00000003dc280000)
 Metaspace       used 59063K, capacity 62450K, committed 62720K, reserved 1103872K
  class space    used 8062K, capacity 8666K, committed 8704K, reserved 1048576K
GC Heap History (10 events):
Event: 5.259 GC heap before
{Heap before GC invocations=4 (full 1):
 PSYoungGen      total 304640K, used 261120K [0x000000066c200000, 0x0000000691500000, 0x00000007c0000000)
  eden space 261120K, 100% used [0x000000066c200000,0x000000067c100000,0x000000067c100000)
  from space 43520K, 0% used [0x000000067eb80000,0x000000067eb80000,0x0000000681600000)
  to   space 43520K, 0% used [0x000000067c100000,0x000000067c100000,0x000000067eb80000)
 ParOldGen       total 276992K, used 5694K [0x00000003c4600000, 0x00000003d5480000, 0x000000066c200000)
  object space 276992K, 2% used [0x00000003c4600000,0x00000003c4b8f928,0x00000003d5480000)
 Metaspace       used 26060K, capacity 27188K, committed 27392K, reserved 1073152K
  class space    used 3501K, capacity 3730K, committed 3840K, reserved 1048576K
Event: 5.264 GC heap after
Heap after GC invocations=4 (full 1):
 PSYoungGen      total 304640K, used 15063K [0x000000066c200000, 0x0000000690800000, 0x00000007c0000000)
  eden space 261120K, 0% used [0x000000066c200000,0x000000066c200000,0x000000067c100000)
  from space 43520K, 34% used [0x000000067c100000,0x000000067cfb5fa0,0x000000067eb80000)
  to   space 43520K, 0% used [0x000000068dd80000,0x000000068dd80000,0x0000000690800000)
 ParOldGen       total 276992K, used 5702K [0x00000003c4600000, 0x00000003d5480000, 0x000000066c200000)
  object space 276992K, 2% used [0x00000003c4600000,0x00000003c4b91928,0x00000003d5480000)
 Metaspace       used 26060K, capacity 27188K, committed 27392K, reserved 1073152K
  class space    used 3501K, capacity 3730K, committed 3840K, reserved 1048576K
}
Event: 6.163 GC heap before
{Heap before GC invocations=5 (full 1):
 PSYoungGen      total 304640K, used 228069K [0x000000066c200000, 0x0000000690800000, 0x00000007c0000000)
  eden space 261120K, 81% used [0x000000066c200000,0x0000000679203838,0x000000067c100000)
  from space 43520K, 34% used [0x000000067c100000,0x000000067cfb5fa0,0x000000067eb80000)
  to   space 43520K, 0% used [0x000000068dd80000,0x000000068dd80000,0x0000000690800000)
 ParOldGen       total 276992K, used 5702K [0x00000003c4600000, 0x00000003d5480000, 0x000000066c200000)
  object space 276992K, 2% used [0x00000003c4600000,0x00000003c4b91928,0x00000003d5480000)
 Metaspace       used 33583K, capacity 35350K, committed 35456K, reserved 1079296K
  class space    used 4553K, capacity 4891K, committed 4992K, reserved 1048576K
Event: 6.172 GC heap after
Heap after GC invocations=5 (full 1):
 PSYoungGen      total 544256K, used 17672K [0x000000066c200000, 0x0000000690400000, 0x00000007c0000000)
  eden space 504832K, 0% used [0x000000066c200000,0x000000066c200000,0x000000068af00000)
  from space 39424K, 44% used [0x000000068dd80000,0x000000068eec20e8,0x0000000690400000)
  to   space 43520K, 0% used [0x000000068af00000,0x000000068af00000,0x000000068d980000)
 ParOldGen       total 276992K, used 5710K [0x00000003c4600000, 0x00000003d5480000, 0x000000066c200000)
  object space 276992K, 2% used [0x00000003c4600000,0x00000003c4b93928,0x00000003d5480000)
 Metaspace       used 33583K, capacity 35350K, committed 35456K, reserved 1079296K
  class space    used 4553K, capacity 4891K, committed 4992K, reserved 1048576K
}
Event: 6.172 GC heap before
{Heap before GC invocations=6 (full 2):
 PSYoungGen      total 544256K, used 17672K [0x000000066c200000, 0x0000000690400000, 0x00000007c0000000)
  eden space 504832K, 0% used [0x000000066c200000,0x000000066c200000,0x000000068af00000)
  from space 39424K, 44% used [0x000000068dd80000,0x000000068eec20e8,0x0000000690400000)
  to   space 43520K, 0% used [0x000000068af00000,0x000000068af00000,0x000000068d980000)
 ParOldGen       total 276992K, used 5710K [0x00000003c4600000, 0x00000003d5480000, 0x000000066c200000)
  object space 276992K, 2% used [0x00000003c4600000,0x00000003c4b93928,0x00000003d5480000)
 Metaspace       used 33583K, capacity 35350K, committed 35456K, reserved 1079296K
  class space    used 4553K, capacity 4891K, committed 4992K, reserved 1048576K
Event: 6.232 GC heap after
Heap after GC invocations=6 (full 2):
 PSYoungGen      total 544256K, used 0K [0x000000066c200000, 0x0000000690400000, 0x00000007c0000000)
  eden space 504832K, 0% used [0x000000066c200000,0x000000066c200000,0x000000068af00000)
  from space 39424K, 0% used [0x000000068dd80000,0x000000068dd80000,0x0000000690400000)
  to   space 43520K, 0% used [0x000000068af00000,0x000000068af00000,0x000000068d980000)
 ParOldGen       total 332800K, used 22178K [0x00000003c4600000, 0x00000003d8b00000, 0x000000066c200000)
  object space 332800K, 6% used [0x00000003c4600000,0x00000003c5ba8ba8,0x00000003d8b00000)
 Metaspace       used 33583K, capacity 35350K, committed 35456K, reserved 1079296K
  class space    used 4553K, capacity 4891K, committed 4992K, reserved 1048576K
}
Event: 13.372 GC heap before
{Heap before GC invocations=7 (full 2):
 PSYoungGen      total 544256K, used 499015K [0x000000066c200000, 0x0000000690400000, 0x00000007c0000000)
  eden space 504832K, 98% used [0x000000066c200000,0x000000068a951f48,0x000000068af00000)
  from space 39424K, 0% used [0x000000068dd80000,0x000000068dd80000,0x0000000690400000)
  to   space 43520K, 0% used [0x000000068af00000,0x000000068af00000,0x000000068d980000)
 ParOldGen       total 332800K, used 22178K [0x00000003c4600000, 0x00000003d8b00000, 0x000000066c200000)
  object space 332800K, 6% used [0x00000003c4600000,0x00000003c5ba8ba8,0x00000003d8b00000)
 Metaspace       used 55824K, capacity 58966K, committed 59096K, reserved 1099776K
  class space    used 7657K, capacity 8204K, committed 8320K, reserved 1048576K
Event: 13.392 GC heap after
Heap after GC invocations=7 (full 2):
 PSYoungGen      total 548352K, used 30051K [0x000000066c200000, 0x00000006a8180000, 0x00000007c0000000)
  eden space 504832K, 0% used [0x000000066c200000,0x000000066c200000,0x000000068af00000)
  from space 43520K, 69% used [0x000000068af00000,0x000000068cc58c00,0x000000068d980000)
  to   space 32256K, 0% used [0x00000006a6200000,0x00000006a6200000,0x00000006a8180000)
 ParOldGen       total 332800K, used 22194K [0x00000003c4600000, 0x00000003d8b00000, 0x000000066c200000)
  object space 332800K, 6% used [0x00000003c4600000,0x00000003c5bacba8,0x00000003d8b00000)
 Metaspace       used 55824K, capacity 58966K, committed 59096K, reserved 1099776K
  class space    used 7657K, capacity 8204K, committed 8320K, reserved 1048576K
}
Event: 13.392 GC heap before
{Heap before GC invocations=8 (full 3):
 PSYoungGen      total 548352K, used 30051K [0x000000066c200000, 0x00000006a8180000, 0x00000007c0000000)
  eden space 504832K, 0% used [0x000000066c200000,0x000000066c200000,0x000000068af00000)
  from space 43520K, 69% used [0x000000068af00000,0x000000068cc58c00,0x000000068d980000)
  to   space 32256K, 0% used [0x00000006a6200000,0x00000006a6200000,0x00000006a8180000)
 ParOldGen       total 332800K, used 22194K [0x00000003c4600000, 0x00000003d8b00000, 0x000000066c200000)
  object space 332800K, 6% used [0x00000003c4600000,0x00000003c5bacba8,0x00000003d8b00000)
 Metaspace       used 55824K, capacity 58966K, committed 59096K, reserved 1099776K
  class space    used 7657K, capacity 8204K, committed 8320K, reserved 1048576K
Event: 13.509 GC heap after
Heap after GC invocations=8 (full 3):
 PSYoungGen      total 548352K, used 0K [0x000000066c200000, 0x00000006a8180000, 0x00000007c0000000)
  eden space 504832K, 0% used [0x000000066c200000,0x000000066c200000,0x000000068af00000)
  from space 43520K, 0% used [0x000000068af00000,0x000000068af00000,0x000000068d980000)
  to   space 32256K, 0% used [0x00000006a6200000,0x00000006a6200000,0x00000006a8180000)
 ParOldGen       total 389632K, used 41731K [0x00000003c4600000, 0x00000003dc280000, 0x000000066c200000)
  object space 389632K, 10% used [0x00000003c4600000,0x00000003c6ec0d20,0x00000003dc280000)
 Metaspace       used 55814K, capacity 58942K, committed 59096K, reserved 1099776K
  class space    used 7653K, capacity 8198K, committed 8320K, reserved 1048576K
}

