# JRE version: Java(TM) SE Runtime Environment (8.0_261-b12) (build 1.8.0_261-b12)
# Java VM: Java HotSpot(TM) 64-Bit Server VM (25.261-b12 mixed mode windows-amd64 compressed oops)
Heap:
 PSYoungGen      total 812544K, used 119412K [0x000000066c200000, 0x00000006a2700000, 0x00000007c0000000)
  eden space 781824K, 15% used [0x000000066c200000,0x000000067369d390,0x000000069bd80000)
  from space 30720K, 0% used [0x000000069d980000,0x000000069d980000,0x000000069f780000)
  to   space 28672K, 0% used [0x000000069bd80000,0x000000069bd80000,0x000000069d980000)
 ParOldGen       total 461824K, used 27986K [0x00000003c4600000, 0x00000003e0900000, 0x000000066c200000)
  object space 461824K, 6% used [0x00000003c4600000,0x00000003c6154a38,0x00000003e0900000)
 Metaspace       used 56913K, capacity 60194K, committed 60416K, reserved 1101824K
  class space    used 7841K, capacity 8396K, committed 8448K, reserved 1048576K
GC Heap History (10 events):
Event: 6.969 GC heap before
{Heap before GC invocations=5 (full 1):
 PSYoungGen      total 304640K, used 230612K [0x000000066c200000, 0x000000068f180000, 0x00000007c0000000)
  eden space 261120K, 82% used [0x000000066c200000,0x000000067948ece8,0x000000067c100000)
  from space 43520K, 34% used [0x000000067c100000,0x000000067cfa6698,0x000000067eb80000)
  to   space 43520K, 0% used [0x000000068c700000,0x000000068c700000,0x000000068f180000)
 ParOldGen       total 293376K, used 5958K [0x00000003c4600000, 0x00000003d6480000, 0x000000066c200000)
  object space 293376K, 2% used [0x00000003c4600000,0x00000003c4bd1bd0,0x00000003d6480000)
 Metaspace       used 33529K, capacity 35386K, committed 35456K, reserved 1079296K
  class space    used 4549K, capacity 4923K, committed 4992K, reserved 1048576K
Event: 6.977 GC heap after
Heap after GC invocations=5 (full 1):
 PSYoungGen      total 514048K, used 17603K [0x000000066c200000, 0x000000068ea00000, 0x00000007c0000000)
  eden space 478208K, 0% used [0x000000066c200000,0x000000066c200000,0x0000000689500000)
  from space 35840K, 49% used [0x000000068c700000,0x000000068d830dc8,0x000000068ea00000)
  to   space 43520K, 0% used [0x0000000689500000,0x0000000689500000,0x000000068bf80000)
 ParOldGen       total 293376K, used 5966K [0x00000003c4600000, 0x00000003d6480000, 0x000000066c200000)
  object space 293376K, 2% used [0x00000003c4600000,0x00000003c4bd3bd0,0x00000003d6480000)
 Metaspace       used 33529K, capacity 35386K, committed 35456K, reserved 1079296K
  class space    used 4549K, capacity 4923K, committed 4992K, reserved 1048576K
}
Event: 6.977 GC heap before
{Heap before GC invocations=6 (full 2):
 PSYoungGen      total 514048K, used 17603K [0x000000066c200000, 0x000000068ea00000, 0x00000007c0000000)
  eden space 478208K, 0% used [0x000000066c200000,0x000000066c200000,0x0000000689500000)
  from space 35840K, 49% used [0x000000068c700000,0x000000068d830dc8,0x000000068ea00000)
  to   space 43520K, 0% used [0x0000000689500000,0x0000000689500000,0x000000068bf80000)
 ParOldGen       total 293376K, used 5966K [0x00000003c4600000, 0x00000003d6480000, 0x000000066c200000)
  object space 293376K, 2% used [0x00000003c4600000,0x00000003c4bd3bd0,0x00000003d6480000)
 Metaspace       used 33529K, capacity 35386K, committed 35456K, reserved 1079296K
  class space    used 4549K, capacity 4923K, committed 4992K, reserved 1048576K
Event: 7.052 GC heap after
Heap after GC invocations=6 (full 2):
 PSYoungGen      total 514048K, used 0K [0x000000066c200000, 0x000000068ea00000, 0x00000007c0000000)
  eden space 478208K, 0% used [0x000000066c200000,0x000000066c200000,0x0000000689500000)
  from space 35840K, 0% used [0x000000068c700000,0x000000068c700000,0x000000068ea00000)
  to   space 43520K, 0% used [0x0000000689500000,0x0000000689500000,0x000000068bf80000)
 ParOldGen       total 398336K, used 21977K [0x00000003c4600000, 0x00000003dcb00000, 0x000000066c200000)
  object space 398336K, 5% used [0x00000003c4600000,0x00000003c5b76690,0x00000003dcb00000)
 Metaspace       used 33529K, capacity 35386K, committed 35456K, reserved 1079296K
  class space    used 4549K, capacity 4923K, committed 4992K, reserved 1048576K
}
Event: 18.812 GC heap before
{Heap before GC invocations=7 (full 2):
 PSYoungGen      total 514048K, used 478208K [0x000000066c200000, 0x000000068ea00000, 0x00000007c0000000)
  eden space 478208K, 100% used [0x000000066c200000,0x0000000689500000,0x0000000689500000)
  from space 35840K, 0% used [0x000000068c700000,0x000000068c700000,0x000000068ea00000)
  to   space 43520K, 0% used [0x0000000689500000,0x0000000689500000,0x000000068bf80000)
 ParOldGen       total 398336K, used 21977K [0x00000003c4600000, 0x00000003dcb00000, 0x000000066c200000)
  object space 398336K, 5% used [0x00000003c4600000,0x00000003c5b76690,0x00000003dcb00000)
 Metaspace       used 54437K, capacity 57666K, committed 57856K, reserved 1099776K
  class space    used 7555K, capacity 8118K, committed 8192K, reserved 1048576K
Event: 18.829 GC heap after
Heap after GC invocations=7 (full 2):
 PSYoungGen      total 521728K, used 28423K [0x000000066c200000, 0x000000069f780000, 0x00000007c0000000)
  eden space 478208K, 0% used [0x000000066c200000,0x000000066c200000,0x0000000689500000)
  from space 43520K, 65% used [0x0000000689500000,0x000000068b0c1cc8,0x000000068bf80000)
  to   space 30720K, 0% used [0x000000069d980000,0x000000069d980000,0x000000069f780000)
 ParOldGen       total 398336K, used 21993K [0x00000003c4600000, 0x00000003dcb00000, 0x000000066c200000)
  object space 398336K, 5% used [0x00000003c4600000,0x00000003c5b7a690,0x00000003dcb00000)
 Metaspace       used 54437K, capacity 57666K, committed 57856K, reserved 1099776K
  class space    used 7555K, capacity 8118K, committed 8192K, reserved 1048576K
}
Event: 18.913 GC heap before
{Heap before GC invocations=8 (full 2):
 PSYoungGen      total 521728K, used 56008K [0x000000066c200000, 0x000000069f780000, 0x00000007c0000000)
  eden space 478208K, 5% used [0x000000066c200000,0x000000066dcf0508,0x0000000689500000)
  from space 43520K, 65% used [0x0000000689500000,0x000000068b0c1cc8,0x000000068bf80000)
  to   space 30720K, 0% used [0x000000069d980000,0x000000069d980000,0x000000069f780000)
 ParOldGen       total 398336K, used 21993K [0x00000003c4600000, 0x00000003dcb00000, 0x000000066c200000)
  object space 398336K, 5% used [0x00000003c4600000,0x00000003c5b7a690,0x00000003dcb00000)
 Metaspace       used 55771K, capacity 58980K, committed 59096K, reserved 1099776K
  class space    used 7698K, capacity 8257K, committed 8320K, reserved 1048576K
Event: 18.921 GC heap after
Heap after GC invocations=8 (full 2):
 PSYoungGen      total 812544K, used 15524K [0x000000066c200000, 0x00000006a2700000, 0x00000007c0000000)
  eden space 781824K, 0% used [0x000000066c200000,0x000000066c200000,0x000000069bd80000)
  from space 30720K, 50% used [0x000000069d980000,0x000000069e8a9188,0x000000069f780000)
  to   space 28672K, 0% used [0x000000069bd80000,0x000000069bd80000,0x000000069d980000)
 ParOldGen       total 398336K, used 22001K [0x00000003c4600000, 0x00000003dcb00000, 0x000000066c200000)
  object space 398336K, 5% used [0x00000003c4600000,0x00000003c5b7c690,0x00000003dcb00000)
 Metaspace       used 55771K, capacity 58980K, committed 59096K, reserved 1099776K
  class space    used 7698K, capacity 8257K, committed 8320K, reserved 1048576K
}
Event: 18.921 GC heap before
{Heap before GC invocations=9 (full 3):
 PSYoungGen      total 812544K, used 15524K [0x000000066c200000, 0x00000006a2700000, 0x00000007c0000000)
  eden space 781824K, 0% used [0x000000066c200000,0x000000066c200000,0x000000069bd80000)
  from space 30720K, 50% used [0x000000069d980000,0x000000069e8a9188,0x000000069f780000)
  to   space 28672K, 0% used [0x000000069bd80000,0x000000069bd80000,0x000000069d980000)
 ParOldGen       total 398336K, used 22001K [0x00000003c4600000, 0x00000003dcb00000, 0x000000066c200000)
  object space 398336K, 5% used [0x00000003c4600000,0x00000003c5b7c690,0x00000003dcb00000)
 Metaspace       used 55771K, capacity 58980K, committed 59096K, reserved 1099776K
  class space    used 7698K, capacity 8257K, committed 8320K, reserved 1048576K
Event: 19.073 GC heap after
Heap after GC invocations=9 (full 3):
 PSYoungGen      total 812544K, used 0K [0x000000066c200000, 0x00000006a2700000, 0x00000007c0000000)
  eden space 781824K, 0% used [0x000000066c200000,0x000000066c200000,0x000000069bd80000)
  from space 30720K, 0% used [0x000000069d980000,0x000000069d980000,0x000000069f780000)
  to   space 28672K, 0% used [0x000000069bd80000,0x000000069bd80000,0x000000069d980000)
 ParOldGen       total 461824K, used 27986K [0x00000003c4600000, 0x00000003e0900000, 0x000000066c200000)
  object space 461824K, 6% used [0x00000003c4600000,0x00000003c6154a38,0x00000003e0900000)
 Metaspace       used 55761K, capacity 58956K, committed 59096K, reserved 1099776K
  class space    used 7695K, capacity 8251K, committed 8320K, reserved 1048576K
}

